<?xml version="1.0" encoding="UTF-8"?>
<!-- Generated by org.testng.reporters.JUnitReportReporter -->
<testsuite hostname="CanberKeytorc" name="com.automation.testapp.tests.TestFactory" tests="1" failures="0" timestamp="25 Jul 2016 13:25:28 GMT" time="30.502" errors="0">
  <testcase name="addToWatchList" time="30.502" classname="com.automation.testapp.tests.TestFactory"/>
</testsuite> <!-- com.automation.testapp.tests.TestFactory -->
