<?xml version="1.0" encoding="UTF-8"?>
<!-- Generated by org.testng.reporters.JUnitReportReporter -->
<testsuite hostname="CanberKeytorc" name="com.automation.testapp.tests.TestFactory" tests="1" failures="0" timestamp="19 Jul 2016 11:43:09 GMT" time="50.106" errors="0">
  <testcase name="addToWatchList" time="50.106" classname="com.automation.testapp.tests.TestFactory"/>
</testsuite> <!-- com.automation.testapp.tests.TestFactory -->
