<?xml version="1.0" encoding="UTF-8"?>
<!-- Generated by org.testng.reporters.JUnitReportReporter -->
<testsuite hostname="CanberKeytorc" name="com.automation.testapp.tests.TestFactory" tests="2" failures="1" timestamp="17 Sep 2016 14:54:29 GMT" time="42.256" errors="0">
  <testcase name="addToWatchList" time="42.250" classname="com.automation.testapp.tests.TestFactory"/>
  <testcase name="addToWatchList" time="0.006" classname="com.automation.testapp.tests.TestFactory">
    <failure type="org.openqa.selenium.TimeoutException" message="Timed out after 20 seconds waiting for visibility of all elements located by By.id: com.imdb.mobile:id/text
Build info: version: &#039;2.53.1&#039;, revision: &#039;a36b8b1cd5757287168e54b817830adce9b0158d&#039;, time: &#039;2016-06-30 19:26:09&#039;
System info: host: &#039;CanberKeytorc&#039;, ip: &#039;192.168.56.1&#039;, os.name: &#039;Windows 10&#039;, os.arch: &#039;amd64&#039;, os.version: &#039;10.0&#039;, java.version: &#039;1.8.0_101&#039;
Driver info: io.appium.java_client.android.AndroidDriver
Capabilities [{appPackage=com.imdb.mobile, networkConnectionEnabled=true, warnings={}, databaseEnabled=false, deviceName=004f0435, version=4.4.2, platform=LINUX, appActivity=com.imdb.mobile.HomeActivity, desired={appPackage=com.imdb.mobile, appActivity=com.imdb.mobile.HomeActivity, platformName=Android, deviceName=004f0435, device=004f0435, version=4.4.2}, platformVersion=4.4.2, webStorageEnabled=false, locationContextEnabled=false, browserName=Android, takesScreenshot=true, javascriptEnabled=true, platformName=Android, device=004f0435}]
Session ID: 1667ddc1-4218-4b95-9b62-8b4ceb9c7807">
      <![CDATA[org.openqa.selenium.TimeoutException: Timed out after 20 seconds waiting for visibility of all elements located by By.id: com.imdb.mobile:id/text
Build info: version: '2.53.1', revision: 'a36b8b1cd5757287168e54b817830adce9b0158d', time: '2016-06-30 19:26:09'
System info: host: 'CanberKeytorc', ip: '192.168.56.1', os.name: 'Windows 10', os.arch: 'amd64', os.version: '10.0', java.version: '1.8.0_101'
Driver info: io.appium.java_client.android.AndroidDriver
Capabilities [{appPackage=com.imdb.mobile, networkConnectionEnabled=true, warnings={}, databaseEnabled=false, deviceName=004f0435, version=4.4.2, platform=LINUX, appActivity=com.imdb.mobile.HomeActivity, desired={appPackage=com.imdb.mobile, appActivity=com.imdb.mobile.HomeActivity, platformName=Android, deviceName=004f0435, device=004f0435, version=4.4.2}, platformVersion=4.4.2, webStorageEnabled=false, locationContextEnabled=false, browserName=Android, takesScreenshot=true, javascriptEnabled=true, platformName=Android, device=004f0435}]
Session ID: 1667ddc1-4218-4b95-9b62-8b4ceb9c7807
	at org.openqa.selenium.support.ui.WebDriverWait.timeoutException(WebDriverWait.java:80)
	at org.openqa.selenium.support.ui.FluentWait.until(FluentWait.java:261)
	at com.automation.testapp.base.BasePageUtil.waitForVisibility(BasePageUtil.java:54)
	at com.automation.testapp.base.BasePageUtil.getText(BasePageUtil.java:63)
	at com.automation.testapp.pages.LoginPage.loginWithImdbAccount(LoginPage.java:39)
	at com.automation.testapp.tests.TestFactory.before(TestFactory.java:26)
	at sun.reflect.NativeMethodAccessorImpl.invoke0(Native Method)
	at sun.reflect.NativeMethodAccessorImpl.invoke(Unknown Source)
	at sun.reflect.DelegatingMethodAccessorImpl.invoke(Unknown Source)
	at java.lang.reflect.Method.invoke(Unknown Source)
	at org.testng.internal.MethodInvocationHelper.invokeMethod(MethodInvocationHelper.java:84)
	at org.testng.internal.Invoker.invokeConfigurationMethod(Invoker.java:564)
	at org.testng.internal.Invoker.invokeConfigurations(Invoker.java:213)
	at org.testng.internal.Invoker.invokeConfigurations(Invoker.java:138)
	at org.testng.TestRunner.beforeRun(TestRunner.java:641)
	at org.testng.TestRunner.run(TestRunner.java:609)
	at org.testng.SuiteRunner.runTest(SuiteRunner.java:334)
	at org.testng.SuiteRunner.access$000(SuiteRunner.java:37)
	at org.testng.SuiteRunner$SuiteWorker.run(SuiteRunner.java:368)
	at org.testng.internal.thread.ThreadUtil$2.call(ThreadUtil.java:64)
	at java.util.concurrent.FutureTask.run(Unknown Source)
	at java.util.concurrent.ThreadPoolExecutor.runWorker(Unknown Source)
	at java.util.concurrent.ThreadPoolExecutor$Worker.run(Unknown Source)
	at java.lang.Thread.run(Unknown Source)
]]>
    </failure>
  </testcase> <!-- addToWatchList -->
</testsuite> <!-- com.automation.testapp.tests.TestFactory -->
