<?xml version="1.0" encoding="UTF-8"?>
<!-- Generated by org.testng.reporters.JUnitReportReporter -->
<testsuite hostname="CanberKeytorc" name="com.automation.testapp.tests.TestFactory" tests="1" failures="0" timestamp="19 Jul 2016 21:03:17 GMT" time="32.731" errors="0">
  <testcase name="addToWatchList" time="32.731" classname="com.automation.testapp.tests.TestFactory"/>
</testsuite> <!-- com.automation.testapp.tests.TestFactory -->
