<?xml version="1.0" encoding="UTF-8"?>
<!-- Generated by org.testng.reporters.JUnitReportReporter -->
<testsuite hostname="CanberKeytorc" name="com.automation.testapp.tests.TestFactory" tests="1" failures="0" timestamp="25 Jul 2016 13:19:13 GMT" time="34.223" errors="0">
  <testcase name="addToWatchList" time="34.223" classname="com.automation.testapp.tests.TestFactory"/>
</testsuite> <!-- com.automation.testapp.tests.TestFactory -->
